coll/root.res
coll/af_NA.res
coll/af_ZA.res
coll/ar_AE.res
coll/ar_BH.res
coll/ar_DZ.res
coll/ar_EG.res
coll/ar_IQ.res
coll/ar_JO.res
coll/ar_KW.res
coll/ar_LB.res
coll/ar_LY.res
coll/ar_MA.res
coll/ar_OM.res
coll/ar_QA.res
coll/ar_SA.res
coll/ar_SD.res
coll/ar_SY.res
coll/ar_TN.res
coll/ar_YE.res
coll/as_IN.res
coll/az_Latn.res
coll/az_Latn_AZ.res
coll/be_BY.res
coll/bg_BG.res
coll/bn_BD.res
coll/bn_IN.res
coll/ca_ES.res
coll/cs_CZ.res
coll/cy_GB.res
coll/da_DK.res
coll/de_AT.res
coll/de_BE.res
coll/de_CH.res
coll/de_DE.res
coll/de_LU.res
coll/el_GR.res
coll/en_AU.res
coll/en_BW.res
coll/en_CA.res
coll/en_GB.res
coll/en_HK.res
coll/en_IE.res
coll/en_IN.res
coll/en_MT.res
coll/en_NZ.res
coll/en_PH.res
coll/en_SG.res
coll/en_US.res
coll/en_US_POSIX.res
coll/en_VI.res
coll/en_ZA.res
coll/en_ZW.res
coll/es_AR.res
coll/es_BO.res
coll/es_CL.res
coll/es_CO.res
coll/es_CR.res
coll/es_DO.res
coll/es_EC.res
coll/es_ES.res
coll/es_GT.res
coll/es_HN.res
coll/es_MX.res
coll/es_NI.res
coll/es_PA.res
coll/es_PE.res
coll/es_PR.res
coll/es_PY.res
coll/es_SV.res
coll/es_US.res
coll/es_UY.res
coll/es_VE.res
coll/et_EE.res
coll/fa_IR.res
coll/fi_FI.res
coll/fo_FO.res
coll/fr_BE.res
coll/fr_CA.res
coll/fr_CH.res
coll/fr_FR.res
coll/fr_LU.res
coll/ga.res
coll/ga_IE.res
coll/gu_IN.res
coll/ha_Latn.res
coll/ha_Latn_GH.res
coll/ha_Latn_NE.res
coll/ha_Latn_NG.res
coll/he_IL.res
coll/hi_IN.res
coll/hr_HR.res
coll/hu_HU.res
coll/hy_AM.res
coll/id.res
coll/id_ID.res
coll/ig_NG.res
coll/is_IS.res
coll/it_CH.res
coll/it_IT.res
coll/ja_JP.res
coll/ka.res
coll/ka_GE.res
coll/kk_KZ.res
coll/kl_GL.res
coll/kn_IN.res
coll/ko_KR.res
coll/kok_IN.res
coll/lt_LT.res
coll/lv_LV.res
coll/mk_MK.res
coll/ml_IN.res
coll/mr_IN.res
coll/ms.res
coll/ms_BN.res
coll/ms_MY.res
coll/mt_MT.res
coll/nb_NO.res
coll/nl.res
coll/nl_BE.res
coll/nl_NL.res
coll/nn_NO.res
coll/om_ET.res
coll/om_KE.res
coll/or_IN.res
coll/pa_Arab.res
coll/pa_Arab_PK.res
coll/pa_Guru.res
coll/pa_Guru_IN.res
coll/pl_PL.res
coll/ps_AF.res
coll/pt.res
coll/pt_BR.res
coll/pt_PT.res
coll/ro_RO.res
coll/ru_RU.res
coll/ru_UA.res
coll/si_LK.res
coll/sk_SK.res
coll/sl_SI.res
coll/sq_AL.res
coll/sr_Cyrl.res
coll/sr_Cyrl_BA.res
coll/sr_Cyrl_ME.res
coll/sr_Cyrl_RS.res
coll/sr_Latn_BA.res
coll/sr_Latn_ME.res
coll/sr_Latn_RS.res
coll/st.res
coll/st_LS.res
coll/st_ZA.res
coll/sv_FI.res
coll/sv_SE.res
coll/sw_KE.res
coll/sw_TZ.res
coll/ta_IN.res
coll/te_IN.res
coll/th_TH.res
coll/tr_TR.res
coll/uk_UA.res
coll/ur_IN.res
coll/ur_PK.res
coll/vi_VN.res
coll/xh.res
coll/xh_ZA.res
coll/yo_NG.res
coll/zh_Hans.res
coll/zh_Hans_CN.res
coll/zh_Hans_SG.res
coll/zh_Hant_HK.res
coll/zh_Hant_MO.res
coll/zh_Hant_TW.res
coll/zu.res
coll/zu_ZA.res
coll/af.res
coll/ar.res
coll/as.res
coll/az.res
coll/be.res
coll/bg.res
coll/bn.res
coll/ca.res
coll/cs.res
coll/cy.res
coll/da.res
coll/de.res
coll/el.res
coll/en.res
coll/en_BE.res
coll/eo.res
coll/es.res
coll/et.res
coll/fa.res
coll/fa_AF.res
coll/fi.res
coll/fil.res
coll/fo.res
coll/fr.res
coll/gu.res
coll/ha.res
coll/haw.res
coll/he.res
coll/hi.res
coll/hr.res
coll/hu.res
coll/hy.res
coll/ig.res
coll/is.res
coll/it.res
coll/ja.res
coll/kk.res
coll/kl.res
coll/km.res
coll/kn.res
coll/ko.res
coll/kok.res
coll/lt.res
coll/lv.res
coll/mk.res
coll/ml.res
coll/mr.res
coll/mt.res
coll/nb.res
coll/nn.res
coll/om.res
coll/or.res
coll/pa.res
coll/pl.res
coll/ps.res
coll/ro.res
coll/ru.res
coll/si.res
coll/sk.res
coll/sl.res
coll/sq.res
coll/sr.res
coll/sr_Latn.res
coll/sv.res
coll/sw.res
coll/ta.res
coll/te.res
coll/th.res
coll/to.res
coll/tr.res
coll/uk.res
coll/ur.res
coll/vi.res
coll/yo.res
coll/zh.res
coll/zh_Hant.res
coll/de_.res
coll/de__PHONEBOOK.res
coll/es_.res
coll/es__TRADITIONAL.res
coll/hi_.res
coll/hi__DIRECT.res
coll/in.res
coll/in_ID.res
coll/iw.res
coll/iw_IL.res
coll/no.res
coll/no_NO.res
coll/pa_IN.res
coll/sh.res
coll/sh_BA.res
coll/sh_YU.res
coll/sr_BA.res
coll/sr_ME.res
coll/sr_RS.res
coll/zh_.res
coll/zh_CN.res
coll/zh_HK.res
coll/zh_MO.res
coll/zh_SG.res
coll/zh_TW.res
coll/zh_TW_STROKE.res
coll/zh__PINYIN.res
coll/res_index.res
brkitr/sent_el.brk
brkitr/word_POSIX.brk
brkitr/word_ja.brk
brkitr/char.brk
brkitr/word.brk
brkitr/line.brk
brkitr/sent.brk
brkitr/title.brk
brkitr/char_th.brk
brkitr/thaidict.ctd
brkitr/root.res
brkitr/el.res
brkitr/en.res
brkitr/en_US.res
brkitr/en_US_POSIX.res
brkitr/ja.res
brkitr/th.res
brkitr/res_index.res
root.res
af.res
af_NA.res
af_ZA.res
ak.res
ak_GH.res
am.res
am_ET.res
ar.res
ar_AE.res
ar_BH.res
ar_DZ.res
ar_EG.res
ar_IQ.res
ar_JO.res
ar_KW.res
ar_LB.res
ar_LY.res
ar_MA.res
ar_OM.res
ar_QA.res
ar_SA.res
ar_SD.res
ar_SY.res
ar_TN.res
ar_YE.res
as.res
as_IN.res
asa.res
asa_TZ.res
az.res
az_Cyrl.res
az_Cyrl_AZ.res
az_Latn.res
az_Latn_AZ.res
be.res
be_BY.res
bem.res
bem_ZM.res
bez.res
bez_TZ.res
bg.res
bg_BG.res
bm.res
bm_ML.res
bn.res
bn_BD.res
bn_IN.res
bo.res
bo_CN.res
bo_IN.res
ca.res
ca_ES.res
cgg.res
cgg_UG.res
chr.res
chr_US.res
cs.res
cs_CZ.res
cy.res
cy_GB.res
da.res
da_DK.res
dav.res
dav_KE.res
de.res
de_AT.res
de_BE.res
de_CH.res
de_DE.res
de_LI.res
de_LU.res
ebu.res
ebu_KE.res
ee.res
ee_GH.res
ee_TG.res
el.res
el_CY.res
el_GR.res
en.res
en_AU.res
en_BE.res
en_BW.res
en_BZ.res
en_CA.res
en_GB.res
en_HK.res
en_IE.res
en_IN.res
en_JM.res
en_MH.res
en_MT.res
en_MU.res
en_NA.res
en_NZ.res
en_PH.res
en_PK.res
en_SG.res
en_TT.res
en_US.res
en_US_POSIX.res
en_VI.res
en_ZA.res
en_ZW.res
eo.res
es.res
es_AR.res
es_BO.res
es_CL.res
es_CO.res
es_CR.res
es_DO.res
es_EC.res
es_ES.res
es_GQ.res
es_GT.res
es_HN.res
es_MX.res
es_NI.res
es_PA.res
es_PE.res
es_PR.res
es_PY.res
es_SV.res
es_US.res
es_UY.res
es_VE.res
et.res
et_EE.res
eu.res
eu_ES.res
fa.res
fa_AF.res
fa_IR.res
ff.res
ff_SN.res
fi.res
fi_FI.res
fil.res
fil_PH.res
fo.res
fo_FO.res
fr.res
fr_BE.res
fr_BL.res
fr_CA.res
fr_CF.res
fr_CH.res
fr_CI.res
fr_CM.res
fr_FR.res
fr_GN.res
fr_GP.res
fr_LU.res
fr_MC.res
fr_MF.res
fr_MG.res
fr_ML.res
fr_MQ.res
fr_NE.res
fr_RE.res
fr_SN.res
ga.res
ga_IE.res
gl.res
gl_ES.res
gsw.res
gsw_CH.res
gu.res
gu_IN.res
guz.res
guz_KE.res
gv.res
gv_GB.res
ha.res
ha_Latn.res
ha_Latn_GH.res
ha_Latn_NE.res
ha_Latn_NG.res
haw.res
haw_US.res
he.res
he_IL.res
hi.res
hi_IN.res
hr.res
hr_HR.res
hu.res
hu_HU.res
hy.res
hy_AM.res
id.res
id_ID.res
ig.res
ig_NG.res
ii.res
ii_CN.res
is.res
is_IS.res
it.res
it_CH.res
it_IT.res
ja.res
ja_JP.res
jmc.res
jmc_TZ.res
ka.res
ka_GE.res
kab.res
kab_DZ.res
kam.res
kam_KE.res
kde.res
kde_TZ.res
kea.res
kea_CV.res
khq.res
khq_ML.res
ki.res
ki_KE.res
kk.res
kk_Cyrl.res
kk_Cyrl_KZ.res
kl.res
kl_GL.res
kln.res
kln_KE.res
km.res
km_KH.res
kn.res
kn_IN.res
ko.res
ko_KR.res
kok.res
kok_IN.res
kw.res
kw_GB.res
lag.res
lag_TZ.res
lg.res
lg_UG.res
lt.res
lt_LT.res
luo.res
luo_KE.res
luy.res
luy_KE.res
lv.res
lv_LV.res
mas.res
mas_KE.res
mas_TZ.res
mer.res
mer_KE.res
mfe.res
mfe_MU.res
mg.res
mg_MG.res
mk.res
mk_MK.res
ml.res
ml_IN.res
mr.res
mr_IN.res
ms.res
ms_BN.res
ms_MY.res
mt.res
mt_MT.res
naq.res
naq_NA.res
nb.res
nb_NO.res
nd.res
nd_ZW.res
ne.res
ne_IN.res
ne_NP.res
nl.res
nl_BE.res
nl_NL.res
nn.res
nn_NO.res
nyn.res
nyn_UG.res
om.res
om_ET.res
om_KE.res
or.res
or_IN.res
pa.res
pa_Arab.res
pa_Arab_PK.res
pa_Guru.res
pa_Guru_IN.res
pl.res
pl_PL.res
ps.res
ps_AF.res
pt.res
pt_BR.res
pt_GW.res
pt_MZ.res
pt_PT.res
rm.res
rm_CH.res
ro.res
ro_MD.res
ro_RO.res
rof.res
rof_TZ.res
ru.res
ru_MD.res
ru_RU.res
ru_UA.res
rw.res
rw_RW.res
rwk.res
rwk_TZ.res
saq.res
saq_KE.res
seh.res
seh_MZ.res
ses.res
ses_ML.res
sg.res
sg_CF.res
shi.res
shi_Latn.res
shi_Latn_MA.res
shi_Tfng.res
shi_Tfng_MA.res
si.res
si_LK.res
sk.res
sk_SK.res
sl.res
sl_SI.res
sn.res
sn_ZW.res
so.res
so_DJ.res
so_ET.res
so_KE.res
so_SO.res
sq.res
sq_AL.res
sr.res
sr_Cyrl.res
sr_Cyrl_BA.res
sr_Cyrl_ME.res
sr_Cyrl_RS.res
sr_Latn.res
sr_Latn_BA.res
sr_Latn_ME.res
sr_Latn_RS.res
sv.res
sv_FI.res
sv_SE.res
sw.res
sw_KE.res
sw_TZ.res
ta.res
ta_IN.res
ta_LK.res
te.res
te_IN.res
teo.res
teo_KE.res
teo_UG.res
th.res
th_TH.res
ti.res
ti_ER.res
ti_ET.res
to.res
to_TO.res
tr.res
tr_TR.res
tzm.res
tzm_Latn.res
tzm_Latn_MA.res
uk.res
uk_UA.res
ur.res
ur_IN.res
ur_PK.res
uz.res
uz_Arab.res
uz_Arab_AF.res
uz_Cyrl.res
uz_Cyrl_UZ.res
uz_Latn.res
uz_Latn_UZ.res
vi.res
vi_VN.res
vun.res
vun_TZ.res
xog.res
xog_UG.res
yo.res
yo_NG.res
zh.res
zh_Hans.res
zh_Hans_CN.res
zh_Hans_HK.res
zh_Hans_MO.res
zh_Hans_SG.res
zh_Hant.res
zh_Hant_HK.res
zh_Hant_MO.res
zh_Hant_TW.res
zu.res
zu_ZA.res
en_RH.res
in_ID.res
iw_IL.res
ja_JP_TRADITIONAL.res
no_NO.res
no_NO_NY.res
th_TH_TRADITIONAL.res
az_AZ.res
ha_GH.res
ha_NE.res
ha_NG.res
in.res
iw.res
kk_KZ.res
no.res
pa_IN.res
pa_PK.res
sh.res
sh_BA.res
sh_CS.res
sh_YU.res
shi_MA.res
sr_BA.res
sr_CS.res
sr_Cyrl_CS.res
sr_Cyrl_YU.res
sr_Latn_CS.res
sr_Latn_YU.res
sr_ME.res
sr_RS.res
sr_YU.res
tl.res
tzm_MA.res
uz_AF.res
uz_UZ.res
zh_CN.res
zh_HK.res
zh_MO.res
zh_SG.res
zh_TW.res
zoneinfo64.res
supplementalData.res
likelySubtags.res
plurals.res
numberingSystems.res
icuver.res
icustd.res
metaZones.res
windowsZones.res
keyTypeData.res
timezoneTypes.res
res_index.res
pool.res
lang/root.res
lang/af.res
lang/ak.res
lang/am.res
lang/ar.res
lang/as.res
lang/asa.res
lang/az.res
lang/az_Cyrl.res
lang/az_Latn.res
lang/az_Latn_AZ.res
lang/be.res
lang/bem.res
lang/bez.res
lang/bg.res
lang/bm.res
lang/bn.res
lang/bn_IN.res
lang/bo.res
lang/ca.res
lang/cgg.res
lang/chr.res
lang/cs.res
lang/cy.res
lang/da.res
lang/dav.res
lang/de.res
lang/de_CH.res
lang/ebu.res
lang/ee.res
lang/el.res
lang/en.res
lang/eo.res
lang/es.res
lang/es_AR.res
lang/es_CL.res
lang/et.res
lang/eu.res
lang/fa.res
lang/fa_AF.res
lang/ff.res
lang/fi.res
lang/fil.res
lang/fo.res
lang/fr.res
lang/ga.res
lang/gl.res
lang/gsw.res
lang/gu.res
lang/guz.res
lang/gv.res
lang/ha.res
lang/ha_Latn.res
lang/ha_Latn_GH.res
lang/ha_Latn_NE.res
lang/ha_Latn_NG.res
lang/haw.res
lang/he.res
lang/hi.res
lang/hr.res
lang/hu.res
lang/hy.res
lang/id.res
lang/ig.res
lang/ii.res
lang/is.res
lang/it.res
lang/ja.res
lang/jmc.res
lang/ka.res
lang/kab.res
lang/kam.res
lang/kde.res
lang/kea.res
lang/khq.res
lang/ki.res
lang/kk.res
lang/kk_Cyrl.res
lang/kk_Cyrl_KZ.res
lang/kl.res
lang/kln.res
lang/km.res
lang/kn.res
lang/ko.res
lang/kok.res
lang/kw.res
lang/lag.res
lang/lg.res
lang/lt.res
lang/luo.res
lang/luy.res
lang/lv.res
lang/mas.res
lang/mer.res
lang/mfe.res
lang/mg.res
lang/mk.res
lang/ml.res
lang/mr.res
lang/ms.res
lang/mt.res
lang/naq.res
lang/nb.res
lang/nd.res
lang/ne.res
lang/nl.res
lang/nl_BE.res
lang/nn.res
lang/nyn.res
lang/om.res
lang/or.res
lang/pa.res
lang/pa_Arab.res
lang/pa_Arab_PK.res
lang/pa_Guru.res
lang/pa_Guru_IN.res
lang/pl.res
lang/ps.res
lang/pt.res
lang/pt_PT.res
lang/rm.res
lang/ro.res
lang/rof.res
lang/ru.res
lang/ru_UA.res
lang/rw.res
lang/rwk.res
lang/saq.res
lang/seh.res
lang/ses.res
lang/sg.res
lang/shi.res
lang/shi_Latn.res
lang/shi_Latn_MA.res
lang/shi_Tfng.res
lang/si.res
lang/sk.res
lang/sl.res
lang/sn.res
lang/so.res
lang/sq.res
lang/sr.res
lang/sr_Cyrl.res
lang/sr_Cyrl_BA.res
lang/sr_Cyrl_RS.res
lang/sr_Latn.res
lang/sr_Latn_BA.res
lang/sr_Latn_ME.res
lang/sr_Latn_RS.res
lang/sv.res
lang/sv_FI.res
lang/sw.res
lang/ta.res
lang/te.res
lang/teo.res
lang/th.res
lang/ti.res
lang/to.res
lang/tr.res
lang/tzm.res
lang/tzm_Latn.res
lang/tzm_Latn_MA.res
lang/uk.res
lang/ur.res
lang/uz.res
lang/uz_Arab.res
lang/uz_Arab_AF.res
lang/uz_Cyrl.res
lang/uz_Cyrl_UZ.res
lang/uz_Latn.res
lang/vi.res
lang/vun.res
lang/xog.res
lang/yo.res
lang/zh.res
lang/zh_Hans.res
lang/zh_Hans_CN.res
lang/zh_Hans_SG.res
lang/zh_Hant.res
lang/zh_Hant_HK.res
lang/zh_Hant_MO.res
lang/zh_Hant_TW.res
lang/zu.res
lang/en_RH.res
lang/en_ZW.res
lang/he_IL.res
lang/id_ID.res
lang/in_ID.res
lang/iw_IL.res
lang/ja_JP.res
lang/ja_JP_TRADITIONAL.res
lang/nb_NO.res
lang/nn_NO.res
lang/no_NO.res
lang/no_NO_NY.res
lang/th_TH.res
lang/th_TH_TRADITIONAL.res
lang/az_AZ.res
lang/ha_GH.res
lang/ha_NE.res
lang/ha_NG.res
lang/in.res
lang/iw.res
lang/kk_KZ.res
lang/no.res
lang/pa_IN.res
lang/pa_PK.res
lang/sh.res
lang/sh_BA.res
lang/sh_CS.res
lang/sh_YU.res
lang/shi_MA.res
lang/sr_BA.res
lang/sr_CS.res
lang/sr_Cyrl_CS.res
lang/sr_Cyrl_YU.res
lang/sr_Latn_CS.res
lang/sr_Latn_YU.res
lang/sr_ME.res
lang/sr_RS.res
lang/sr_YU.res
lang/tl.res
lang/tzm_MA.res
lang/uz_AF.res
lang/uz_UZ.res
lang/zh_CN.res
lang/zh_HK.res
lang/zh_MO.res
lang/zh_SG.res
lang/zh_TW.res
lang/res_index.res
lang/pool.res
region/root.res
region/af.res
region/ak.res
region/am.res
region/ar.res
region/as.res
region/asa.res
region/az.res
region/az_Cyrl.res
region/az_Latn.res
region/az_Latn_AZ.res
region/be.res
region/bem.res
region/bez.res
region/bg.res
region/bm.res
region/bn.res
region/bo.res
region/ca.res
region/cgg.res
region/chr.res
region/cs.res
region/cy.res
region/da.res
region/dav.res
region/de.res
region/de_CH.res
region/ebu.res
region/ee.res
region/el.res
region/en.res
region/eo.res
region/es.res
region/es_CL.res
region/et.res
region/eu.res
region/fa.res
region/fa_AF.res
region/ff.res
region/fi.res
region/fil.res
region/fo.res
region/fr.res
region/ga.res
region/gl.res
region/gsw.res
region/gu.res
region/guz.res
region/gv.res
region/ha.res
region/ha_Latn.res
region/ha_Latn_GH.res
region/ha_Latn_NE.res
region/ha_Latn_NG.res
region/haw.res
region/he.res
region/hi.res
region/hr.res
region/hu.res
region/hy.res
region/id.res
region/ig.res
region/ii.res
region/is.res
region/it.res
region/ja.res
region/jmc.res
region/ka.res
region/kab.res
region/kam.res
region/kde.res
region/kea.res
region/khq.res
region/ki.res
region/kk.res
region/kk_Cyrl.res
region/kk_Cyrl_KZ.res
region/kl.res
region/kln.res
region/km.res
region/kn.res
region/ko.res
region/kok.res
region/kw.res
region/lag.res
region/lg.res
region/lt.res
region/luo.res
region/luy.res
region/lv.res
region/mas.res
region/mer.res
region/mfe.res
region/mg.res
region/mk.res
region/ml.res
region/mr.res
region/ms.res
region/mt.res
region/naq.res
region/nb.res
region/nd.res
region/ne.res
region/nl.res
region/nl_BE.res
region/nn.res
region/nyn.res
region/om.res
region/or.res
region/pa.res
region/pa_Arab.res
region/pa_Arab_PK.res
region/pa_Guru.res
region/pa_Guru_IN.res
region/pl.res
region/ps.res
region/pt.res
region/pt_PT.res
region/rm.res
region/ro.res
region/rof.res
region/ru.res
region/rw.res
region/rwk.res
region/saq.res
region/seh.res
region/ses.res
region/sg.res
region/shi.res
region/shi_Latn.res
region/shi_Latn_MA.res
region/shi_Tfng.res
region/si.res
region/sk.res
region/sl.res
region/sn.res
region/so.res
region/sq.res
region/sr.res
region/sr_Cyrl.res
region/sr_Cyrl_BA.res
region/sr_Cyrl_RS.res
region/sr_Latn.res
region/sr_Latn_BA.res
region/sr_Latn_ME.res
region/sr_Latn_RS.res
region/sv.res
region/sv_FI.res
region/sw.res
region/ta.res
region/te.res
region/teo.res
region/th.res
region/ti.res
region/to.res
region/tr.res
region/tzm.res
region/tzm_Latn.res
region/tzm_Latn_MA.res
region/uk.res
region/ur.res
region/uz.res
region/uz_Arab.res
region/uz_Arab_AF.res
region/uz_Cyrl.res
region/uz_Cyrl_UZ.res
region/uz_Latn.res
region/vi.res
region/vun.res
region/xog.res
region/yo.res
region/zh.res
region/zh_Hans.res
region/zh_Hans_CN.res
region/zh_Hans_SG.res
region/zh_Hant.res
region/zh_Hant_HK.res
region/zh_Hant_MO.res
region/zh_Hant_TW.res
region/zu.res
region/en_RH.res
region/en_ZW.res
region/he_IL.res
region/id_ID.res
region/in_ID.res
region/iw_IL.res
region/ja_JP.res
region/ja_JP_TRADITIONAL.res
region/nb_NO.res
region/nn_NO.res
region/no_NO.res
region/no_NO_NY.res
region/th_TH.res
region/th_TH_TRADITIONAL.res
region/az_AZ.res
region/ha_GH.res
region/ha_NE.res
region/ha_NG.res
region/in.res
region/iw.res
region/kk_KZ.res
region/no.res
region/pa_IN.res
region/pa_PK.res
region/sh.res
region/sh_BA.res
region/sh_CS.res
region/sh_YU.res
region/shi_MA.res
region/sr_BA.res
region/sr_CS.res
region/sr_Cyrl_CS.res
region/sr_Cyrl_YU.res
region/sr_Latn_CS.res
region/sr_Latn_YU.res
region/sr_ME.res
region/sr_RS.res
region/sr_YU.res
region/tl.res
region/tzm_MA.res
region/uz_AF.res
region/uz_UZ.res
region/zh_CN.res
region/zh_HK.res
region/zh_MO.res
region/zh_SG.res
region/zh_TW.res
region/res_index.res
region/pool.res
zone/root.res
zone/af.res
zone/ak.res
zone/am.res
zone/ar.res
zone/as.res
zone/asa.res
zone/az.res
zone/az_Cyrl.res
zone/az_Latn.res
zone/az_Latn_AZ.res
zone/be.res
zone/bem.res
zone/bez.res
zone/bg.res
zone/bm.res
zone/bn.res
zone/bo.res
zone/ca.res
zone/cgg.res
zone/chr.res
zone/cs.res
zone/cy.res
zone/da.res
zone/dav.res
zone/de.res
zone/ebu.res
zone/ee.res
zone/el.res
zone/en.res
zone/en_AU.res
zone/en_CA.res
zone/en_GB.res
zone/en_NZ.res
zone/en_ZA.res
zone/en_ZW.res
zone/eo.res
zone/es.res
zone/et.res
zone/eu.res
zone/fa.res
zone/ff.res
zone/fi.res
zone/fil.res
zone/fo.res
zone/fr.res
zone/fr_CA.res
zone/ga.res
zone/gl.res
zone/gsw.res
zone/gu.res
zone/guz.res
zone/gv.res
zone/ha.res
zone/ha_Latn.res
zone/ha_Latn_GH.res
zone/ha_Latn_NE.res
zone/ha_Latn_NG.res
zone/haw.res
zone/he.res
zone/hi.res
zone/hr.res
zone/hu.res
zone/hy.res
zone/id.res
zone/ig.res
zone/ii.res
zone/is.res
zone/it.res
zone/ja.res
zone/jmc.res
zone/ka.res
zone/kab.res
zone/kam.res
zone/kde.res
zone/kea.res
zone/khq.res
zone/ki.res
zone/kk.res
zone/kk_Cyrl.res
zone/kk_Cyrl_KZ.res
zone/kl.res
zone/kln.res
zone/km.res
zone/kn.res
zone/ko.res
zone/kok.res
zone/kw.res
zone/lag.res
zone/lg.res
zone/lt.res
zone/luo.res
zone/luy.res
zone/lv.res
zone/mas.res
zone/mer.res
zone/mfe.res
zone/mg.res
zone/mk.res
zone/ml.res
zone/mr.res
zone/ms.res
zone/mt.res
zone/naq.res
zone/nb.res
zone/nd.res
zone/ne.res
zone/nl.res
zone/nn.res
zone/nyn.res
zone/om.res
zone/or.res
zone/pa.res
zone/pa_Arab.res
zone/pa_Arab_PK.res
zone/pa_Guru.res
zone/pa_Guru_IN.res
zone/pl.res
zone/ps.res
zone/pt.res
zone/pt_PT.res
zone/rm.res
zone/ro.res
zone/rof.res
zone/ru.res
zone/rw.res
zone/rwk.res
zone/saq.res
zone/seh.res
zone/ses.res
zone/sg.res
zone/shi.res
zone/shi_Latn.res
zone/shi_Latn_MA.res
zone/shi_Tfng.res
zone/si.res
zone/sk.res
zone/sl.res
zone/sn.res
zone/so.res
zone/sq.res
zone/sr.res
zone/sr_Cyrl.res
zone/sr_Cyrl_BA.res
zone/sr_Cyrl_RS.res
zone/sr_Latn.res
zone/sr_Latn_BA.res
zone/sr_Latn_ME.res
zone/sr_Latn_RS.res
zone/sv.res
zone/sw.res
zone/ta.res
zone/te.res
zone/teo.res
zone/th.res
zone/ti.res
zone/to.res
zone/tr.res
zone/tzm.res
zone/tzm_Latn.res
zone/tzm_Latn_MA.res
zone/uk.res
zone/ur.res
zone/uz.res
zone/uz_Arab.res
zone/uz_Arab_AF.res
zone/uz_Cyrl.res
zone/uz_Cyrl_UZ.res
zone/uz_Latn.res
zone/vi.res
zone/vun.res
zone/xog.res
zone/yo.res
zone/zh.res
zone/zh_Hans.res
zone/zh_Hans_CN.res
zone/zh_Hans_SG.res
zone/zh_Hant.res
zone/zh_Hant_HK.res
zone/zh_Hant_MO.res
zone/zh_Hant_TW.res
zone/zu.res
zone/en_RH.res
zone/he_IL.res
zone/id_ID.res
zone/in_ID.res
zone/iw_IL.res
zone/ja_JP.res
zone/ja_JP_TRADITIONAL.res
zone/nb_NO.res
zone/nn_NO.res
zone/no_NO.res
zone/no_NO_NY.res
zone/th_TH.res
zone/th_TH_TRADITIONAL.res
zone/az_AZ.res
zone/ha_GH.res
zone/ha_NE.res
zone/ha_NG.res
zone/in.res
zone/iw.res
zone/kk_KZ.res
zone/no.res
zone/pa_IN.res
zone/pa_PK.res
zone/sh.res
zone/sh_BA.res
zone/sh_CS.res
zone/sh_YU.res
zone/shi_MA.res
zone/sr_BA.res
zone/sr_CS.res
zone/sr_Cyrl_CS.res
zone/sr_Cyrl_YU.res
zone/sr_Latn_CS.res
zone/sr_Latn_YU.res
zone/sr_ME.res
zone/sr_RS.res
zone/sr_YU.res
zone/tl.res
zone/tzm_MA.res
zone/uz_AF.res
zone/uz_UZ.res
zone/zh_CN.res
zone/zh_HK.res
zone/zh_MO.res
zone/zh_SG.res
zone/zh_TW.res
zone/res_index.res
zone/pool.res
pnames.icu
unames.icu
cnvalias.icu
coll/ucadata.icu
coll/invuca.icu
nfc.nrm
nfkc.nrm
nfkc_cf.nrm
ibm-37_P100-1995.cnv
ibm-1047_P100-1995.cnv
ibm-912_P100-1995.cnv
ibm-913_P100-2000.cnv
ibm-914_P100-1995.cnv
ibm-915_P100-1995.cnv
ibm-5012_P100-1999.cnv
ibm-920_P100-1995.cnv
ibm-923_P100-1998.cnv
ibm-1089_P100-1995.cnv
ibm-4909_P100-1999.cnv
ibm-5346_P100-1998.cnv
ibm-5347_P100-1998.cnv
ibm-5348_P100-1997.cnv
ibm-5349_P100-1998.cnv
ibm-5350_P100-1998.cnv
ibm-9447_P100-2002.cnv
ibm-5352_P100-1998.cnv
ibm-9449_P100-2002.cnv
ibm-5354_P100-1998.cnv
ibm-1383_P110-1999.cnv
ibm-1386_P100-2001.cnv
gb18030.cnv
ibm-1373_P100-2002.cnv
ibm-943_P15A-2003.cnv
ibm-33722_P12A_P12A-2004_U2.cnv
ibm-970_P110_P110-2006_U2.cnv
ibm-949_P11A-1999.cnv
ibm-1363_P11B-1998.cnv
ibm-437_P100-1995.cnv
ibm-737_P100-1997.cnv
ibm-720_P100-1997.cnv
ibm-775_P100-1996.cnv
ibm-813_P100-1995.cnv
ibm-850_P100-1995.cnv
ibm-851_P100-1995.cnv
ibm-852_P100-1995.cnv
ibm-855_P100-1995.cnv
ibm-856_P100-1995.cnv
ibm-857_P100-1995.cnv
ibm-858_P100-1997.cnv
ibm-860_P100-1995.cnv
ibm-861_P100-1995.cnv
ibm-862_P100-1995.cnv
ibm-863_P100-1995.cnv
ibm-864_X110-1999.cnv
ibm-865_P100-1995.cnv
ibm-866_P100-1995.cnv
ibm-867_P100-1998.cnv
ibm-868_P100-1995.cnv
ibm-869_P100-1995.cnv
ibm-874_P100-1995.cnv
ibm-878_P100-1996.cnv
ibm-901_P100-1999.cnv
ibm-902_P100-1999.cnv
ibm-916_P100-1995.cnv
ibm-921_P100-1995.cnv
ibm-922_P100-1999.cnv
ibm-1006_P100-1995.cnv
ibm-1051_P100-1995.cnv
ibm-1098_P100-1995.cnv
ibm-1124_P100-1996.cnv
ibm-1125_P100-1997.cnv
ibm-1129_P100-1997.cnv
ibm-1131_P100-1997.cnv
ibm-1133_P100-1997.cnv
ibm-1162_P100-1999.cnv
ibm-1168_P100-2002.cnv
ibm-1250_P100-1995.cnv
ibm-1251_P100-1995.cnv
ibm-1252_P100-2000.cnv
ibm-1253_P100-1995.cnv
ibm-1254_P100-1995.cnv
ibm-1255_P100-1995.cnv
ibm-1256_P110-1997.cnv
ibm-1257_P100-1995.cnv
ibm-1258_P100-1997.cnv
ibm-1276_P100-1995.cnv
ibm-5351_P100-1998.cnv
ibm-5353_P100-1998.cnv
ibm-942_P12A-1999.cnv
ibm-943_P130-1999.cnv
ibm-949_P110-1999.cnv
ibm-950_P110-1999.cnv
ibm-954_P101-2007.cnv
ibm-964_P110-1999.cnv
ibm-971_P100-1995.cnv
ibm-1363_P110-1997.cnv
ibm-1375_P100-2007.cnv
ibm-5471_P100-2006.cnv
ibm-9005_X110-2007.cnv
ibm-9448_X100-2005.cnv
ibm-33722_P120-1999.cnv
iso-8859_10-1998.cnv
iso-8859_11-2001.cnv
iso-8859_14-1998.cnv
macos-0_2-10.2.cnv
macos-6_2-10.4.cnv
macos-7_3-10.2.cnv
macos-29-10.2.cnv
macos-35-10.2.cnv
windows-874-2000.cnv
windows-936-2000.cnv
windows-949-2000.cnv
windows-950-2000.cnv
jisx-212.cnv
iso-ir-165.cnv
cns-11643-1992.cnv
ibm-5478_P100-1995.cnv
icu-internal-25546.cnv
lmb-excp.cnv
ebcdic-xml-us.cnv
ibm-1025_P100-1995.cnv
ibm-1026_P100-1995.cnv
ibm-1097_P100-1995.cnv
ibm-1112_P100-1995.cnv
ibm-1122_P100-1999.cnv
ibm-1130_P100-1997.cnv
ibm-1132_P100-1998.cnv
ibm-1137_P100-1999.cnv
ibm-1364_P110-2007.cnv
ibm-1371_P100-1999.cnv
ibm-1388_P103-2001.cnv
ibm-1390_P110-2003.cnv
ibm-1399_P110-2003.cnv
ibm-870_P100-1995.cnv
ibm-875_P100-1995.cnv
ibm-838_P100-1995.cnv
ibm-918_P100-1995.cnv
ibm-930_P120-1999.cnv
ibm-933_P110-1995.cnv
ibm-935_P110-1999.cnv
ibm-937_P110-1999.cnv
ibm-939_P120-1999.cnv
ibm-1123_P100-1995.cnv
ibm-1140_P100-1997.cnv
ibm-1141_P100-1997.cnv
ibm-1142_P100-1997.cnv
ibm-1143_P100-1997.cnv
ibm-1144_P100-1997.cnv
ibm-1145_P100-1997.cnv
ibm-1146_P100-1997.cnv
ibm-1147_P100-1997.cnv
ibm-1148_P100-1997.cnv
ibm-1149_P100-1997.cnv
ibm-1153_P100-1999.cnv
ibm-1154_P100-1999.cnv
ibm-1155_P100-1999.cnv
ibm-1156_P100-1999.cnv
ibm-1157_P100-1999.cnv
ibm-1158_P100-1999.cnv
ibm-1160_P100-1999.cnv
ibm-1164_P100-1999.cnv
ibm-871_P100-1995.cnv
ibm-12712_P100-1998.cnv
ibm-16804_X110-1999.cnv
ibm-273_P100-1995.cnv
ibm-277_P100-1995.cnv
ibm-278_P100-1995.cnv
ibm-280_P100-1995.cnv
ibm-284_P100-1995.cnv
ibm-285_P100-1995.cnv
ibm-290_P100-1995.cnv
ibm-297_P100-1995.cnv
ibm-420_X120-1999.cnv
ibm-424_P100-1995.cnv
ibm-4517_P100-2005.cnv
ibm-4899_P100-1998.cnv
ibm-4971_P100-1999.cnv
ibm-500_P100-1995.cnv
ibm-5123_P100-1999.cnv
ibm-803_P100-1999.cnv
ibm-8482_P100-1999.cnv
ibm-9067_X100-2005.cnv
ibm-16684_P110-2003.cnv
curr/root.res
curr/supplementalData.res
curr/af.res
curr/ak.res
curr/am.res
curr/ar.res
curr/as.res
curr/asa.res
curr/az.res
curr/az_Cyrl.res
curr/az_Latn.res
curr/az_Latn_AZ.res
curr/be.res
curr/bem.res
curr/bez.res
curr/bg.res
curr/bm.res
curr/bn.res
curr/bo.res
curr/ca.res
curr/cgg.res
curr/chr.res
curr/cs.res
curr/cy.res
curr/da.res
curr/dav.res
curr/de.res
curr/de_BE.res
curr/de_LU.res
curr/ebu.res
curr/ee.res
curr/el.res
curr/en.res
curr/en_AU.res
curr/en_BE.res
curr/en_BW.res
curr/en_BZ.res
curr/en_CA.res
curr/en_HK.res
curr/en_JM.res
curr/en_MT.res
curr/en_NA.res
curr/en_NZ.res
curr/en_PH.res
curr/en_PK.res
curr/en_SG.res
curr/en_TT.res
curr/eo.res
curr/es.res
curr/es_AR.res
curr/es_CL.res
curr/es_CO.res
curr/es_EC.res
curr/es_GT.res
curr/es_HN.res
curr/es_MX.res
curr/es_PR.res
curr/es_US.res
curr/es_UY.res
curr/et.res
curr/eu.res
curr/fa.res
curr/fa_AF.res
curr/ff.res
curr/fi.res
curr/fil.res
curr/fo.res
curr/fr.res
curr/fr_CA.res
curr/fr_LU.res
curr/ga.res
curr/gl.res
curr/gsw.res
curr/gu.res
curr/guz.res
curr/gv.res
curr/ha.res
curr/ha_Latn.res
curr/ha_Latn_GH.res
curr/ha_Latn_NE.res
curr/ha_Latn_NG.res
curr/haw.res
curr/he.res
curr/hi.res
curr/hr.res
curr/hu.res
curr/hy.res
curr/id.res
curr/ig.res
curr/ii.res
curr/is.res
curr/it.res
curr/ja.res
curr/jmc.res
curr/ka.res
curr/kab.res
curr/kam.res
curr/kde.res
curr/kea.res
curr/khq.res
curr/ki.res
curr/kk.res
curr/kk_Cyrl.res
curr/kk_Cyrl_KZ.res
curr/kl.res
curr/kln.res
curr/km.res
curr/kn.res
curr/ko.res
curr/kok.res
curr/kw.res
curr/lag.res
curr/lg.res
curr/lt.res
curr/luo.res
curr/luy.res
curr/lv.res
curr/mas.res
curr/mer.res
curr/mfe.res
curr/mg.res
curr/mk.res
curr/ml.res
curr/mr.res
curr/ms.res
curr/ms_BN.res
curr/mt.res
curr/naq.res
curr/nb.res
curr/nd.res
curr/ne.res
curr/ne_IN.res
curr/nl.res
curr/nn.res
curr/nyn.res
curr/om.res
curr/or.res
curr/pa.res
curr/pa_Arab.res
curr/pa_Arab_PK.res
curr/pa_Guru.res
curr/pa_Guru_IN.res
curr/pl.res
curr/ps.res
curr/pt.res
curr/pt_PT.res
curr/rm.res
curr/ro.res
curr/rof.res
curr/ru.res
curr/rw.res
curr/rwk.res
curr/saq.res
curr/seh.res
curr/ses.res
curr/sg.res
curr/shi.res
curr/shi_Latn.res
curr/shi_Latn_MA.res
curr/shi_Tfng.res
curr/si.res
curr/sk.res
curr/sl.res
curr/sn.res
curr/so.res
curr/sq.res
curr/sr.res
curr/sr_Cyrl.res
curr/sr_Cyrl_BA.res
curr/sr_Cyrl_RS.res
curr/sr_Latn.res
curr/sr_Latn_BA.res
curr/sr_Latn_ME.res
curr/sr_Latn_RS.res
curr/sv.res
curr/sw.res
curr/ta.res
curr/te.res
curr/teo.res
curr/th.res
curr/ti.res
curr/to.res
curr/tr.res
curr/tzm.res
curr/tzm_Latn.res
curr/tzm_Latn_MA.res
curr/uk.res
curr/ur.res
curr/uz.res
curr/uz_Arab.res
curr/uz_Arab_AF.res
curr/uz_Cyrl.res
curr/uz_Cyrl_UZ.res
curr/uz_Latn.res
curr/vi.res
curr/vun.res
curr/xog.res
curr/yo.res
curr/zh.res
curr/zh_Hans.res
curr/zh_Hans_CN.res
curr/zh_Hans_HK.res
curr/zh_Hans_SG.res
curr/zh_Hant.res
curr/zh_Hant_HK.res
curr/zh_Hant_MO.res
curr/zh_Hant_TW.res
curr/zu.res
curr/en_RH.res
curr/en_ZW.res
curr/he_IL.res
curr/id_ID.res
curr/in_ID.res
curr/iw_IL.res
curr/ja_JP.res
curr/ja_JP_TRADITIONAL.res
curr/nb_NO.res
curr/nn_NO.res
curr/no_NO.res
curr/no_NO_NY.res
curr/th_TH.res
curr/th_TH_TRADITIONAL.res
curr/az_AZ.res
curr/ha_GH.res
curr/ha_NE.res
curr/ha_NG.res
curr/in.res
curr/iw.res
curr/kk_KZ.res
curr/no.res
curr/pa_IN.res
curr/pa_PK.res
curr/sh.res
curr/sh_BA.res
curr/sh_CS.res
curr/sh_YU.res
curr/shi_MA.res
curr/sr_BA.res
curr/sr_CS.res
curr/sr_Cyrl_CS.res
curr/sr_Cyrl_YU.res
curr/sr_Latn_CS.res
curr/sr_Latn_YU.res
curr/sr_ME.res
curr/sr_RS.res
curr/sr_YU.res
curr/tl.res
curr/tzm_MA.res
curr/uz_AF.res
curr/uz_UZ.res
curr/zh_CN.res
curr/zh_HK.res
curr/zh_MO.res
curr/zh_SG.res
curr/zh_TW.res
curr/res_index.res
curr/pool.res
rbnf/root.res
rbnf/af.res
rbnf/am.res
rbnf/ar.res
rbnf/az.res
rbnf/be.res
rbnf/bg.res
rbnf/ca.res
rbnf/cs.res
rbnf/cy.res
rbnf/da.res
rbnf/de.res
rbnf/el.res
rbnf/en.res
rbnf/eo.res
rbnf/es.res
rbnf/et.res
rbnf/fa.res
rbnf/fa_AF.res
rbnf/fi.res
rbnf/fil.res
rbnf/fo.res
rbnf/fr.res
rbnf/fr_BE.res
rbnf/fr_CH.res
rbnf/ga.res
rbnf/he.res
rbnf/hi.res
rbnf/hr.res
rbnf/hu.res
rbnf/hy.res
rbnf/id.res
rbnf/is.res
rbnf/it.res
rbnf/ja.res
rbnf/ka.res
rbnf/kl.res
rbnf/ko.res
rbnf/lt.res
rbnf/lv.res
rbnf/mk.res
rbnf/ms.res
rbnf/mt.res
rbnf/nb.res
rbnf/nl.res
rbnf/nn.res
rbnf/pl.res
rbnf/pt.res
rbnf/pt_PT.res
rbnf/ro.res
rbnf/ru.res
rbnf/sk.res
rbnf/sl.res
rbnf/sq.res
rbnf/sr.res
rbnf/sr_Latn.res
rbnf/sv.res
rbnf/ta.res
rbnf/th.res
rbnf/tr.res
rbnf/uk.res
rbnf/vi.res
rbnf/zh.res
rbnf/zh_Hant.res
rbnf/res_index.res
translit/root.res
translit/en.res
translit/el.res
rfc3491.spp
rfc3530cs.spp
rfc3530csci.spp
rfc3530mixp.spp
rfc3722.spp
rfc3920node.spp
rfc3920res.spp
rfc4011.spp
rfc4013.spp
rfc4505.spp
rfc4518.spp
rfc4518ci.spp
confusables.cfu
